07-05 15:37:49 com_github_MitjaNemec_ReplicateLayout.action_replicate_layout 392:Plugin executed on: 'darwin'
07-05 15:37:49 com_github_MitjaNemec_ReplicateLayout.action_replicate_layout 393:Plugin executed with python version: '3.9.13 (v3.9.13:6de2ca5339, May 17 2022, 11:37:23) \n[Clang 13.0.0 (clang-1300.0.29.30)]'
07-05 15:37:49 com_github_MitjaNemec_ReplicateLayout.action_replicate_layout 394:KiCad build version: 8.0.1
07-05 15:37:49 com_github_MitjaNemec_ReplicateLayout.action_replicate_layout 395:Plugin version: 3.0.3
07-05 15:37:49 com_github_MitjaNemec_ReplicateLayout.action_replicate_layout 396:Frame repr: <wx._core.Frame object at 0x16dc15ca0>
07-05 15:37:49 com_github_MitjaNemec_ReplicateLayout.action_replicate_layout 420:Preparing replicator with J2 as a reference
07-05 15:37:49 com_github_MitjaNemec_ReplicateLayout.replicate_layout 117:getting a list of all footprints on board
07-05 15:37:49 com_github_MitjaNemec_ReplicateLayout.action_replicate_layout 468:source anchor footprint is 'J2'
Located on: ['A1 A2']
With filenames: ['2_chan_pwm_dac.kicad_sch']
With sheet_id:['A1 A2']
07-05 15:37:49 com_github_MitjaNemec_ReplicateLayout.action_replicate_layout 475:Corresponding footprints are 
[('J3', ['A3 A4']), ('J7', ['A7 A8']), ('J2', ['A1 A2']), ('J5', ['A5 A6'])]
07-05 15:37:49 com_github_MitjaNemec_ReplicateLayout.action_replicate_layout 487:Showing dialog
07-05 15:37:49 com_github_MitjaNemec_ReplicateLayout.replicate_layout 472:constructing a list of sheets suitable for replication on level:'A1 A2', file:'2_chan_pwm_dac.kicad_sch'
07-05 15:37:49 com_github_MitjaNemec_ReplicateLayout.replicate_layout 509:suitable sheets are:[['A3 A4'], ['A5 A6'], ['A7 A8']]
07-05 15:37:49 com_github_MitjaNemec_ReplicateLayout.replicate_layout 1507:Level selected: ['A1 A2']
07-05 15:37:49 com_github_MitjaNemec_ReplicateLayout.replicate_layout 1331:Filtering list of tracks
07-05 15:37:49 com_github_MitjaNemec_ReplicateLayout.action_replicate_layout 493:Toolbar position: wx.Point(1316, 121)
07-05 15:37:49 com_github_MitjaNemec_ReplicateLayout.action_replicate_layout 498:Dialog position: wx.Point(877, 121)
07-05 15:37:55 com_github_MitjaNemec_ReplicateLayout.replicate_layout 472:constructing a list of sheets suitable for replication on level:'A1 A2', file:'2_chan_pwm_dac.kicad_sch'
07-05 15:37:55 com_github_MitjaNemec_ReplicateLayout.replicate_layout 509:suitable sheets are:[['A3 A4'], ['A5 A6'], ['A7 A8']]
07-05 15:37:55 com_github_MitjaNemec_ReplicateLayout.action_replicate_layout 240:Replicating layout
07-05 15:37:55 com_github_MitjaNemec_ReplicateLayout.replicate_layout 288:Starting replication of sheets: [['A3 A4'], ['A5 A6'], ['A7 A8']]
on level: ['A1 A2']
with tracks=True, zone=True, text=True, text=True, intersecting=False, remove=False, locked footprints=False, group_only=False
07-05 15:37:55 root 332:updating GUI message: 'Preparing for replication'
07-05 15:37:55 root 337:updating GUI with: 0
07-05 15:37:55 com_github_MitjaNemec_ReplicateLayout.replicate_layout 358:Getting the list of source footprints
07-05 15:37:55 root 337:updating GUI with: 0
07-05 15:37:55 com_github_MitjaNemec_ReplicateLayout.replicate_layout 368:Getting the list of all the remaining footprints
07-05 15:37:55 com_github_MitjaNemec_ReplicateLayout.replicate_layout 375:Getting source tracks
07-05 15:37:55 com_github_MitjaNemec_ReplicateLayout.replicate_layout 1331:Filtering list of tracks
07-05 15:37:55 com_github_MitjaNemec_ReplicateLayout.replicate_layout 379:Getting source zones
07-05 15:37:55 com_github_MitjaNemec_ReplicateLayout.replicate_layout 383:Getting source text items
07-05 15:37:55 com_github_MitjaNemec_ReplicateLayout.replicate_layout 387:Getting source drawing items
